<?xml version="1.0" encoding="UTF-8"?>
<testng-results ignored="0" total="1" passed="1" failed="0" skipped="0">
  <reporter-output>
  </reporter-output>
  <suite started-at="2022-06-24T00:23:14 IST" name="salesforce" finished-at="2022-06-24T00:23:32 IST" duration-ms="17944">
    <groups>
    </groups>
    <test started-at="2022-06-24T00:23:14 IST" name="Test" finished-at="2022-06-24T00:23:32 IST" duration-ms="17944">
      <class name="salesforce.tests.Opportunities_TC000_LoginPage">
        <test-method is-config="true" signature="Start_report()[pri:0, instance:salesforce.tests.Opportunities_TC000_LoginPage@3c77d488]" started-at="2022-06-24T00:23:14 IST" name="Start_report" finished-at="2022-06-24T00:23:14 IST" duration-ms="462" status="PASS">
          <reporter-output>
          </reporter-output>
        </test-method> <!-- Start_report -->
        <test-method is-config="true" signature="Pre_Information()[pri:0, instance:salesforce.tests.Opportunities_TC000_LoginPage@3c77d488]" started-at="2022-06-24T00:23:14 IST" name="Pre_Information" finished-at="2022-06-24T00:23:14 IST" duration-ms="1" status="PASS">
          <reporter-output>
          </reporter-output>
        </test-method> <!-- Pre_Information -->
        <test-method is-config="true" signature="testcase()[pri:0, instance:salesforce.tests.Opportunities_TC000_LoginPage@3c77d488]" started-at="2022-06-24T00:23:14 IST" name="testcase" finished-at="2022-06-24T00:23:14 IST" duration-ms="13" status="PASS">
          <reporter-output>
          </reporter-output>
        </test-method> <!-- testcase -->
        <test-method is-config="true" signature="Start_Browser()[pri:0, instance:salesforce.tests.Opportunities_TC000_LoginPage@3c77d488]" started-at="2022-06-24T00:23:14 IST" name="Start_Browser" finished-at="2022-06-24T00:23:20 IST" duration-ms="6013" status="PASS">
          <reporter-output>
          </reporter-output>
        </test-method> <!-- Start_Browser -->
        <test-method signature="loginpage_test()[pri:0, instance:salesforce.tests.Opportunities_TC000_LoginPage@3c77d488]" started-at="2022-06-24T00:23:20 IST" name="loginpage_test" finished-at="2022-06-24T00:23:28 IST" duration-ms="7654" status="PASS">
          <reporter-output>
          </reporter-output>
        </test-method> <!-- loginpage_test -->
        <test-method is-config="true" signature="End_Browser()[pri:0, instance:salesforce.tests.Opportunities_TC000_LoginPage@3c77d488]" started-at="2022-06-24T00:23:28 IST" name="End_Browser" finished-at="2022-06-24T00:23:32 IST" duration-ms="4213" status="PASS">
          <reporter-output>
          </reporter-output>
        </test-method> <!-- End_Browser -->
        <test-method is-config="true" signature="End_report()[pri:0, instance:salesforce.tests.Opportunities_TC000_LoginPage@3c77d488]" started-at="2022-06-24T00:23:32 IST" name="End_report" finished-at="2022-06-24T00:23:32 IST" duration-ms="348" status="PASS">
          <reporter-output>
          </reporter-output>
        </test-method> <!-- End_report -->
      </class> <!-- salesforce.tests.Opportunities_TC000_LoginPage -->
    </test> <!-- Test -->
  </suite> <!-- salesforce -->
</testng-results>
